<?xml version="1.0" encoding="UTF-8" ?>
<testsuites disabled="0" errors="0" failures="0" tests="5" time="40.029">
 <testsuite name="SignUp Test" timestamp="2021-10-18T13:30:02" hostname="localhost" time="8.978" errors="0" tests="1" skipped="0" disabled="0" failures="0">
  <testcase classname="SignUp Test" name="SignUp Test" time="8.972" />
 </testsuite>
 <testsuite name="SignIn Test" timestamp="2021-10-18T13:30:11" hostname="localhost" time="1.606" errors="0" tests="1" skipped="0" disabled="0" failures="0">
  <testcase classname="SignIn Test" name="SignIn Test" time="1.603" />
 </testsuite>
 <testsuite name="New Article Test" timestamp="2021-10-18T13:30:13" hostname="localhost" time="5.569" errors="0" tests="1" skipped="0" disabled="0" failures="0">
  <testcase classname="New Article Test" name="New Article Test" time="5.564" />
 </testsuite>
 <testsuite name="Favorite Test" timestamp="2021-10-18T13:30:18" hostname="localhost" time="16.524" errors="0" tests="1" skipped="0" disabled="0" failures="0">
  <testcase classname="Favorite Test" name="Favorite Test" time="16.52" />
 </testsuite>
 <testsuite name="Follow Article Test" timestamp="2021-10-18T13:30:35" hostname="localhost" time="7.352" errors="0" tests="1" skipped="0" disabled="0" failures="0">
  <testcase classname="Follow Article Test" name="Follow Article Test" time="7.347" />
 </testsuite>
</testsuites>